2024-08-29 10:49:46,916 INFO [main] a.m.a.z.ApplicationMain [ApplicationMain.java:28] Loading properties file...
2024-08-29 10:49:46,918 INFO [main] a.m.a.z.ApplicationMain [ApplicationMain.java:33] Starting migration...
2024-08-29 10:49:47,045 DEBUG [main] o.s.j.d.DriverManagerDataSource [DriverManagerDataSource.java:134] Loaded JDBC driver: org.postgresql.Driver
2024-08-29 10:49:47,046 INFO [main] a.m.a.z.m.SquadToScaleMigrator [SquadToScaleMigrator.java:71] Fetching total issues by project key...
2024-08-29 10:49:48,437 INFO [main] a.m.a.z.m.SquadToScaleMigrator [SquadToScaleMigrator.java:79] Total issues: 46
2024-08-29 10:49:48,437 INFO [main] a.m.a.z.m.SquadToScaleMigrator [SquadToScaleMigrator.java:81] Enabling project with project key: MIGB
2024-08-29 10:49:48,618 INFO [main] a.m.a.z.m.SquadToScaleMigrator [SquadToScaleMigrator.java:84] Creating migration Custom Fields...
2024-08-29 10:49:48,620 INFO [main] a.m.a.z.m.SquadToScaleMigrator [SquadToScaleMigrator.java:140] Creating Custom Field components for project MIGB...
2024-08-29 10:49:48,679 ERROR [main] a.m.a.z.c.BaseApi [BaseApi.java:45] Failed to send API request with status code: 400 and body: {"message":"Custom field name is duplicated: components"}
2024-08-29 10:49:48,680 INFO [main] a.m.a.z.m.SquadToScaleMigrator [SquadToScaleMigrator.java:150] Custom Field components created successfully.
2024-08-29 10:49:48,680 INFO [main] a.m.a.z.m.SquadToScaleMigrator [SquadToScaleMigrator.java:140] Creating Custom Field squadStatus for project MIGB...
2024-08-29 10:49:48,741 ERROR [main] a.m.a.z.c.BaseApi [BaseApi.java:45] Failed to send API request with status code: 400 and body: {"message":"Custom field name is duplicated: squadStatus"}
2024-08-29 10:49:48,742 INFO [main] a.m.a.z.m.SquadToScaleMigrator [SquadToScaleMigrator.java:150] Custom Field squadStatus created successfully.
2024-08-29 10:49:48,743 INFO [main] a.m.a.z.m.SquadToScaleMigrator [SquadToScaleMigrator.java:140] Creating Custom Field squadPriority for project MIGB...
2024-08-29 10:49:48,799 ERROR [main] a.m.a.z.c.BaseApi [BaseApi.java:45] Failed to send API request with status code: 400 and body: {"message":"Custom field name is duplicated: squadPriority"}
2024-08-29 10:49:48,799 INFO [main] a.m.a.z.m.SquadToScaleMigrator [SquadToScaleMigrator.java:150] Custom Field squadPriority created successfully.
2024-08-29 10:49:48,800 INFO [main] a.m.a.z.m.SquadToScaleMigrator [SquadToScaleMigrator.java:140] Creating Custom Field executedOn for project MIGB...
2024-08-29 10:49:48,856 ERROR [main] a.m.a.z.c.BaseApi [BaseApi.java:45] Failed to send API request with status code: 400 and body: {"message":"Custom field name is duplicated: executedOn"}
2024-08-29 10:49:48,857 INFO [main] a.m.a.z.m.SquadToScaleMigrator [SquadToScaleMigrator.java:150] Custom Field executedOn created successfully.
2024-08-29 10:49:48,857 INFO [main] a.m.a.z.m.SquadToScaleMigrator [SquadToScaleMigrator.java:140] Creating Custom Field assignedTo for project MIGB...
2024-08-29 10:49:48,910 ERROR [main] a.m.a.z.c.BaseApi [BaseApi.java:45] Failed to send API request with status code: 400 and body: {"message":"Custom field name is duplicated: assignedTo"}
2024-08-29 10:49:48,911 INFO [main] a.m.a.z.m.SquadToScaleMigrator [SquadToScaleMigrator.java:150] Custom Field assignedTo created successfully.
2024-08-29 10:49:48,911 INFO [main] a.m.a.z.m.SquadToScaleMigrator [SquadToScaleMigrator.java:140] Creating Custom Field squadVersion for project MIGB...
2024-08-29 10:49:49,029 ERROR [main] a.m.a.z.c.BaseApi [BaseApi.java:45] Failed to send API request with status code: 400 and body: {"message":"Custom field name is duplicated: squadVersion"}
2024-08-29 10:49:49,029 INFO [main] a.m.a.z.m.SquadToScaleMigrator [SquadToScaleMigrator.java:150] Custom Field squadVersion created successfully.
2024-08-29 10:49:49,029 INFO [main] a.m.a.z.m.SquadToScaleMigrator [SquadToScaleMigrator.java:140] Creating Custom Field squadCycleName for project MIGB...
2024-08-29 10:49:49,337 ERROR [main] a.m.a.z.c.BaseApi [BaseApi.java:45] Failed to send API request with status code: 400 and body: {"message":"Custom field name is duplicated: squadCycleName"}
2024-08-29 10:49:49,338 INFO [main] a.m.a.z.m.SquadToScaleMigrator [SquadToScaleMigrator.java:150] Custom Field squadCycleName created successfully.
2024-08-29 10:49:49,339 INFO [main] a.m.a.z.m.SquadToScaleMigrator [SquadToScaleMigrator.java:140] Creating Custom Field folderName for project MIGB...
2024-08-29 10:49:49,502 ERROR [main] a.m.a.z.c.BaseApi [BaseApi.java:45] Failed to send API request with status code: 400 and body: {"message":"Custom field name is duplicated: folderName"}
2024-08-29 10:49:49,502 INFO [main] a.m.a.z.m.SquadToScaleMigrator [SquadToScaleMigrator.java:150] Custom Field folderName created successfully.
2024-08-29 10:49:49,505 INFO [main] a.m.a.z.m.SquadToScaleMigrator [SquadToScaleMigrator.java:90] Issue progress for project MIGB:   0% [>                              ] 0/46 (Elapsed Time: 00:00:00)
2024-08-29 10:49:49,506 INFO [main] a.m.a.z.m.SquadToScaleMigrator [SquadToScaleMigrator.java:109] Fetching issues starting at 0...
2024-08-29 10:49:50,221 INFO [main] a.m.a.z.m.SquadToScaleMigrator [SquadToScaleMigrator.java:117] Fetched 46 issues.
2024-08-29 10:49:50,727 INFO [main] a.m.a.z.m.SquadToScaleMigrator [SquadToScaleMigrator.java:186] Created test case MIGB-T8905 for issue 10020.
2024-08-29 10:49:51,079 INFO [main] a.m.a.z.m.SquadToScaleMigrator [SquadToScaleMigrator.java:186] Created test case MIGB-T8906 for issue 10021.
2024-08-29 10:49:51,323 INFO [main] a.m.a.z.m.SquadToScaleMigrator [SquadToScaleMigrator.java:186] Created test case MIGB-T8907 for issue 10022.
2024-08-29 10:49:51,816 INFO [main] a.m.a.z.m.SquadToScaleMigrator [SquadToScaleMigrator.java:186] Created test case MIGB-T8908 for issue 10023.
2024-08-29 10:49:52,208 INFO [main] a.m.a.z.m.SquadToScaleMigrator [SquadToScaleMigrator.java:186] Created test case MIGB-T8909 for issue 10024.
2024-08-29 10:49:52,453 INFO [main] a.m.a.z.m.SquadToScaleMigrator [SquadToScaleMigrator.java:186] Created test case MIGB-T8910 for issue 10025.
2024-08-29 10:49:52,694 INFO [main] a.m.a.z.m.SquadToScaleMigrator [SquadToScaleMigrator.java:186] Created test case MIGB-T8911 for issue 10026.
2024-08-29 10:49:52,913 INFO [main] a.m.a.z.m.SquadToScaleMigrator [SquadToScaleMigrator.java:186] Created test case MIGB-T8912 for issue 10027.
2024-08-29 10:49:52,993 INFO [main] a.m.a.z.m.SquadToScaleMigrator [SquadToScaleMigrator.java:186] Created test case MIGB-T8913 for issue 10028.
2024-08-29 10:49:53,138 INFO [main] a.m.a.z.m.SquadToScaleMigrator [SquadToScaleMigrator.java:186] Created test case MIGB-T8914 for issue 10029.
2024-08-29 10:49:53,197 INFO [main] a.m.a.z.m.SquadToScaleMigrator [SquadToScaleMigrator.java:186] Created test case MIGB-T8915 for issue 10030.
2024-08-29 10:49:53,262 INFO [main] a.m.a.z.m.SquadToScaleMigrator [SquadToScaleMigrator.java:186] Created test case MIGB-T8916 for issue 10031.
2024-08-29 10:49:53,329 INFO [main] a.m.a.z.m.SquadToScaleMigrator [SquadToScaleMigrator.java:186] Created test case MIGB-T8917 for issue 10032.
2024-08-29 10:49:53,400 INFO [main] a.m.a.z.m.SquadToScaleMigrator [SquadToScaleMigrator.java:186] Created test case MIGB-T8918 for issue 10033.
2024-08-29 10:49:53,464 INFO [main] a.m.a.z.m.SquadToScaleMigrator [SquadToScaleMigrator.java:186] Created test case MIGB-T8919 for issue 10034.
2024-08-29 10:49:53,530 INFO [main] a.m.a.z.m.SquadToScaleMigrator [SquadToScaleMigrator.java:186] Created test case MIGB-T8920 for issue 10035.
2024-08-29 10:49:53,601 INFO [main] a.m.a.z.m.SquadToScaleMigrator [SquadToScaleMigrator.java:186] Created test case MIGB-T8921 for issue 10036.
2024-08-29 10:49:53,668 INFO [main] a.m.a.z.m.SquadToScaleMigrator [SquadToScaleMigrator.java:186] Created test case MIGB-T8922 for issue 10037.
2024-08-29 10:49:53,773 INFO [main] a.m.a.z.m.SquadToScaleMigrator [SquadToScaleMigrator.java:186] Created test case MIGB-T8923 for issue 10038.
2024-08-29 10:49:53,840 INFO [main] a.m.a.z.m.SquadToScaleMigrator [SquadToScaleMigrator.java:186] Created test case MIGB-T8924 for issue 10039.
2024-08-29 10:49:53,905 INFO [main] a.m.a.z.m.SquadToScaleMigrator [SquadToScaleMigrator.java:186] Created test case MIGB-T8925 for issue 10040.
2024-08-29 10:49:53,977 INFO [main] a.m.a.z.m.SquadToScaleMigrator [SquadToScaleMigrator.java:186] Created test case MIGB-T8926 for issue 10041.
2024-08-29 10:49:54,041 INFO [main] a.m.a.z.m.SquadToScaleMigrator [SquadToScaleMigrator.java:186] Created test case MIGB-T8927 for issue 10042.
2024-08-29 10:49:54,117 INFO [main] a.m.a.z.m.SquadToScaleMigrator [SquadToScaleMigrator.java:186] Created test case MIGB-T8928 for issue 10043.
2024-08-29 10:49:54,193 INFO [main] a.m.a.z.m.SquadToScaleMigrator [SquadToScaleMigrator.java:186] Created test case MIGB-T8929 for issue 10044.
2024-08-29 10:49:54,261 INFO [main] a.m.a.z.m.SquadToScaleMigrator [SquadToScaleMigrator.java:186] Created test case MIGB-T8930 for issue 10045.
2024-08-29 10:49:54,321 INFO [main] a.m.a.z.m.SquadToScaleMigrator [SquadToScaleMigrator.java:186] Created test case MIGB-T8931 for issue 10046.
2024-08-29 10:49:54,385 INFO [main] a.m.a.z.m.SquadToScaleMigrator [SquadToScaleMigrator.java:186] Created test case MIGB-T8932 for issue 10047.
2024-08-29 10:49:54,454 INFO [main] a.m.a.z.m.SquadToScaleMigrator [SquadToScaleMigrator.java:186] Created test case MIGB-T8933 for issue 10048.
2024-08-29 10:49:54,516 INFO [main] a.m.a.z.m.SquadToScaleMigrator [SquadToScaleMigrator.java:186] Created test case MIGB-T8934 for issue 10049.
2024-08-29 10:49:54,582 INFO [main] a.m.a.z.m.SquadToScaleMigrator [SquadToScaleMigrator.java:186] Created test case MIGB-T8935 for issue 10050.
2024-08-29 10:49:54,649 INFO [main] a.m.a.z.m.SquadToScaleMigrator [SquadToScaleMigrator.java:186] Created test case MIGB-T8936 for issue 10051.
2024-08-29 10:49:54,718 INFO [main] a.m.a.z.m.SquadToScaleMigrator [SquadToScaleMigrator.java:186] Created test case MIGB-T8937 for issue 10052.
2024-08-29 10:49:54,787 INFO [main] a.m.a.z.m.SquadToScaleMigrator [SquadToScaleMigrator.java:186] Created test case MIGB-T8938 for issue 10053.
2024-08-29 10:49:54,933 INFO [main] a.m.a.z.m.SquadToScaleMigrator [SquadToScaleMigrator.java:186] Created test case MIGB-T8939 for issue 10054.
2024-08-29 10:49:55,000 INFO [main] a.m.a.z.m.SquadToScaleMigrator [SquadToScaleMigrator.java:186] Created test case MIGB-T8940 for issue 10055.
2024-08-29 10:49:55,066 INFO [main] a.m.a.z.m.SquadToScaleMigrator [SquadToScaleMigrator.java:186] Created test case MIGB-T8941 for issue 10056.
2024-08-29 10:49:55,140 INFO [main] a.m.a.z.m.SquadToScaleMigrator [SquadToScaleMigrator.java:186] Created test case MIGB-T8942 for issue 10057.
2024-08-29 10:49:55,207 INFO [main] a.m.a.z.m.SquadToScaleMigrator [SquadToScaleMigrator.java:186] Created test case MIGB-T8943 for issue 10058.
2024-08-29 10:49:55,268 INFO [main] a.m.a.z.m.SquadToScaleMigrator [SquadToScaleMigrator.java:186] Created test case MIGB-T8944 for issue 10059.
2024-08-29 10:49:55,330 INFO [main] a.m.a.z.m.SquadToScaleMigrator [SquadToScaleMigrator.java:186] Created test case MIGB-T8945 for issue 10060.
2024-08-29 10:49:55,397 INFO [main] a.m.a.z.m.SquadToScaleMigrator [SquadToScaleMigrator.java:186] Created test case MIGB-T8946 for issue 10061.
2024-08-29 10:49:55,473 INFO [main] a.m.a.z.m.SquadToScaleMigrator [SquadToScaleMigrator.java:186] Created test case MIGB-T8947 for issue 10070.
2024-08-29 10:49:55,544 INFO [main] a.m.a.z.m.SquadToScaleMigrator [SquadToScaleMigrator.java:186] Created test case MIGB-T8948 for issue 11697.
2024-08-29 10:49:55,608 INFO [main] a.m.a.z.m.SquadToScaleMigrator [SquadToScaleMigrator.java:186] Created test case MIGB-T8949 for issue 11815.
2024-08-29 10:49:55,761 INFO [main] a.m.a.z.m.SquadToScaleMigrator [SquadToScaleMigrator.java:186] Created test case MIGB-T8950 for issue 11903.
2024-08-29 10:49:55,769 INFO [main] a.m.a.z.m.SquadToScaleMigrator [SquadToScaleMigrator.java:212] Updating steps and posting execution for 46 issues...
2024-08-29 10:49:55,774 INFO [main] a.m.a.z.m.SquadToScaleMigrator [SquadToScaleMigrator.java:235] Fetching latest squad test step for issue TestCaseMapKey[testCaseId=10020, testCaseKey=MIGB-1]...
2024-08-29 10:49:55,972 INFO [main] a.m.a.z.m.SquadToScaleMigrator [SquadToScaleMigrator.java:253] Updating steps for test case MIGB-T8905...
2024-08-29 10:49:56,128 INFO [main] a.m.a.z.m.SquadToScaleMigrator [SquadToScaleMigrator.java:273] Fetching latest squad execution for issue TestCaseMapKey[testCaseId=10020, testCaseKey=MIGB-1]...
2024-08-29 10:49:56,209 INFO [main] a.m.a.z.m.SquadToScaleMigrator [SquadToScaleMigrator.java:322] Creating test cycle New Feature for project MIGB...
2024-08-29 10:49:56,288 INFO [main] a.m.a.z.m.SquadToScaleMigrator [SquadToScaleMigrator.java:326] Test Cycle created successfully with key: MIGB-C3768
2024-08-29 10:49:56,288 INFO [main] a.m.a.z.m.SquadToScaleMigrator [SquadToScaleMigrator.java:299] Creating test executions for test cycle MIGB-C3768...
2024-08-29 10:49:56,417 INFO [main] a.m.a.z.m.SquadToScaleMigrator [SquadToScaleMigrator.java:322] Creating test cycle Ad hoc for project MIGB...
2024-08-29 10:49:56,479 INFO [main] a.m.a.z.m.SquadToScaleMigrator [SquadToScaleMigrator.java:326] Test Cycle created successfully with key: MIGB-C3769
2024-08-29 10:49:56,479 INFO [main] a.m.a.z.m.SquadToScaleMigrator [SquadToScaleMigrator.java:299] Creating test executions for test cycle MIGB-C3769...
2024-08-29 10:49:56,594 INFO [main] a.m.a.z.m.SquadToScaleMigrator [SquadToScaleMigrator.java:235] Fetching latest squad test step for issue TestCaseMapKey[testCaseId=10021, testCaseKey=MIGB-2]...
2024-08-29 10:49:56,646 INFO [main] a.m.a.z.m.SquadToScaleMigrator [SquadToScaleMigrator.java:253] Updating steps for test case MIGB-T8906...
2024-08-29 10:49:56,758 INFO [main] a.m.a.z.m.SquadToScaleMigrator [SquadToScaleMigrator.java:273] Fetching latest squad execution for issue TestCaseMapKey[testCaseId=10021, testCaseKey=MIGB-2]...
2024-08-29 10:49:56,833 INFO [main] a.m.a.z.m.SquadToScaleMigrator [SquadToScaleMigrator.java:299] Creating test executions for test cycle MIGB-C3768...
2024-08-29 10:49:56,938 INFO [main] a.m.a.z.m.SquadToScaleMigrator [SquadToScaleMigrator.java:299] Creating test executions for test cycle MIGB-C3769...
2024-08-29 10:49:57,034 INFO [main] a.m.a.z.m.SquadToScaleMigrator [SquadToScaleMigrator.java:299] Creating test executions for test cycle MIGB-C3769...
2024-08-29 10:49:57,139 INFO [main] a.m.a.z.m.SquadToScaleMigrator [SquadToScaleMigrator.java:235] Fetching latest squad test step for issue TestCaseMapKey[testCaseId=10022, testCaseKey=MIGB-3]...
2024-08-29 10:49:57,197 INFO [main] a.m.a.z.m.SquadToScaleMigrator [SquadToScaleMigrator.java:253] Updating steps for test case MIGB-T8907...
2024-08-29 10:49:57,303 INFO [main] a.m.a.z.m.SquadToScaleMigrator [SquadToScaleMigrator.java:273] Fetching latest squad execution for issue TestCaseMapKey[testCaseId=10022, testCaseKey=MIGB-3]...
2024-08-29 10:49:57,382 INFO [main] a.m.a.z.m.SquadToScaleMigrator [SquadToScaleMigrator.java:299] Creating test executions for test cycle MIGB-C3769...
2024-08-29 10:49:57,483 INFO [main] a.m.a.z.m.SquadToScaleMigrator [SquadToScaleMigrator.java:299] Creating test executions for test cycle MIGB-C3768...
2024-08-29 10:49:57,584 INFO [main] a.m.a.z.m.SquadToScaleMigrator [SquadToScaleMigrator.java:299] Creating test executions for test cycle MIGB-C3768...
2024-08-29 10:49:57,696 INFO [main] a.m.a.z.m.SquadToScaleMigrator [SquadToScaleMigrator.java:299] Creating test executions for test cycle MIGB-C3769...
2024-08-29 10:49:57,831 INFO [main] a.m.a.z.m.SquadToScaleMigrator [SquadToScaleMigrator.java:235] Fetching latest squad test step for issue TestCaseMapKey[testCaseId=10023, testCaseKey=MIGB-4]...
2024-08-29 10:49:57,888 INFO [main] a.m.a.z.m.SquadToScaleMigrator [SquadToScaleMigrator.java:253] Updating steps for test case MIGB-T8908...
2024-08-29 10:49:57,995 INFO [main] a.m.a.z.m.SquadToScaleMigrator [SquadToScaleMigrator.java:273] Fetching latest squad execution for issue TestCaseMapKey[testCaseId=10023, testCaseKey=MIGB-4]...
2024-08-29 10:49:58,052 INFO [main] a.m.a.z.m.SquadToScaleMigrator [SquadToScaleMigrator.java:281] Issue TestCaseMapKey[testCaseId=10023, testCaseKey=MIGB-4] doesn't have executions, skipping...
2024-08-29 10:49:58,053 INFO [main] a.m.a.z.m.SquadToScaleMigrator [SquadToScaleMigrator.java:235] Fetching latest squad test step for issue TestCaseMapKey[testCaseId=10024, testCaseKey=MIGB-5]...
2024-08-29 10:49:58,103 INFO [main] a.m.a.z.m.SquadToScaleMigrator [SquadToScaleMigrator.java:253] Updating steps for test case MIGB-T8909...
2024-08-29 10:49:58,203 INFO [main] a.m.a.z.m.SquadToScaleMigrator [SquadToScaleMigrator.java:273] Fetching latest squad execution for issue TestCaseMapKey[testCaseId=10024, testCaseKey=MIGB-5]...
2024-08-29 10:49:58,255 INFO [main] a.m.a.z.m.SquadToScaleMigrator [SquadToScaleMigrator.java:281] Issue TestCaseMapKey[testCaseId=10024, testCaseKey=MIGB-5] doesn't have executions, skipping...
2024-08-29 10:49:58,256 INFO [main] a.m.a.z.m.SquadToScaleMigrator [SquadToScaleMigrator.java:235] Fetching latest squad test step for issue TestCaseMapKey[testCaseId=10025, testCaseKey=MIGB-6]...
2024-08-29 10:49:58,315 INFO [main] a.m.a.z.m.SquadToScaleMigrator [SquadToScaleMigrator.java:253] Updating steps for test case MIGB-T8910...
2024-08-29 10:49:58,412 INFO [main] a.m.a.z.m.SquadToScaleMigrator [SquadToScaleMigrator.java:273] Fetching latest squad execution for issue TestCaseMapKey[testCaseId=10025, testCaseKey=MIGB-6]...
2024-08-29 10:49:58,476 INFO [main] a.m.a.z.m.SquadToScaleMigrator [SquadToScaleMigrator.java:299] Creating test executions for test cycle MIGB-C3769...
2024-08-29 10:49:58,575 INFO [main] a.m.a.z.m.SquadToScaleMigrator [SquadToScaleMigrator.java:235] Fetching latest squad test step for issue TestCaseMapKey[testCaseId=10026, testCaseKey=MIGB-7]...
2024-08-29 10:49:58,628 INFO [main] a.m.a.z.m.SquadToScaleMigrator [SquadToScaleMigrator.java:253] Updating steps for test case MIGB-T8911...
2024-08-29 10:49:58,724 INFO [main] a.m.a.z.m.SquadToScaleMigrator [SquadToScaleMigrator.java:273] Fetching latest squad execution for issue TestCaseMapKey[testCaseId=10026, testCaseKey=MIGB-7]...
2024-08-29 10:49:58,789 INFO [main] a.m.a.z.m.SquadToScaleMigrator [SquadToScaleMigrator.java:299] Creating test executions for test cycle MIGB-C3768...
2024-08-29 10:49:58,886 INFO [main] a.m.a.z.m.SquadToScaleMigrator [SquadToScaleMigrator.java:299] Creating test executions for test cycle MIGB-C3769...
2024-08-29 10:49:58,982 INFO [main] a.m.a.z.m.SquadToScaleMigrator [SquadToScaleMigrator.java:235] Fetching latest squad test step for issue TestCaseMapKey[testCaseId=10027, testCaseKey=MIGB-8]...
2024-08-29 10:49:59,036 INFO [main] a.m.a.z.m.SquadToScaleMigrator [SquadToScaleMigrator.java:253] Updating steps for test case MIGB-T8912...
2024-08-29 10:49:59,147 INFO [main] a.m.a.z.m.SquadToScaleMigrator [SquadToScaleMigrator.java:273] Fetching latest squad execution for issue TestCaseMapKey[testCaseId=10027, testCaseKey=MIGB-8]...
2024-08-29 10:49:59,203 INFO [main] a.m.a.z.m.SquadToScaleMigrator [SquadToScaleMigrator.java:322] Creating test cycle NOTC for project MIGB...
2024-08-29 10:49:59,263 INFO [main] a.m.a.z.m.SquadToScaleMigrator [SquadToScaleMigrator.java:326] Test Cycle created successfully with key: MIGB-C3770
2024-08-29 10:49:59,264 INFO [main] a.m.a.z.m.SquadToScaleMigrator [SquadToScaleMigrator.java:299] Creating test executions for test cycle MIGB-C3770...
2024-08-29 10:49:59,360 INFO [main] a.m.a.z.m.SquadToScaleMigrator [SquadToScaleMigrator.java:235] Fetching latest squad test step for issue TestCaseMapKey[testCaseId=10028, testCaseKey=MIGB-9]...
2024-08-29 10:49:59,414 INFO [main] a.m.a.z.m.SquadToScaleMigrator [SquadToScaleMigrator.java:253] Updating steps for test case MIGB-T8913...
2024-08-29 10:49:59,518 INFO [main] a.m.a.z.m.SquadToScaleMigrator [SquadToScaleMigrator.java:273] Fetching latest squad execution for issue TestCaseMapKey[testCaseId=10028, testCaseKey=MIGB-9]...
2024-08-29 10:49:59,584 INFO [main] a.m.a.z.m.SquadToScaleMigrator [SquadToScaleMigrator.java:299] Creating test executions for test cycle MIGB-C3770...
2024-08-29 10:49:59,704 INFO [main] a.m.a.z.m.SquadToScaleMigrator [SquadToScaleMigrator.java:299] Creating test executions for test cycle MIGB-C3769...
2024-08-29 10:49:59,801 INFO [main] a.m.a.z.m.SquadToScaleMigrator [SquadToScaleMigrator.java:235] Fetching latest squad test step for issue TestCaseMapKey[testCaseId=10029, testCaseKey=MIGB-10]...
2024-08-29 10:49:59,859 INFO [main] a.m.a.z.m.SquadToScaleMigrator [SquadToScaleMigrator.java:273] Fetching latest squad execution for issue TestCaseMapKey[testCaseId=10029, testCaseKey=MIGB-10]...
2024-08-29 10:49:59,917 INFO [main] a.m.a.z.m.SquadToScaleMigrator [SquadToScaleMigrator.java:299] Creating test executions for test cycle MIGB-C3769...
2024-08-29 10:50:00,012 INFO [main] a.m.a.z.m.SquadToScaleMigrator [SquadToScaleMigrator.java:235] Fetching latest squad test step for issue TestCaseMapKey[testCaseId=10030, testCaseKey=MIGB-11]...
2024-08-29 10:50:00,086 INFO [main] a.m.a.z.m.SquadToScaleMigrator [SquadToScaleMigrator.java:253] Updating steps for test case MIGB-T8915...
2024-08-29 10:50:00,193 INFO [main] a.m.a.z.m.SquadToScaleMigrator [SquadToScaleMigrator.java:273] Fetching latest squad execution for issue TestCaseMapKey[testCaseId=10030, testCaseKey=MIGB-11]...
2024-08-29 10:50:00,254 INFO [main] a.m.a.z.m.SquadToScaleMigrator [SquadToScaleMigrator.java:299] Creating test executions for test cycle MIGB-C3769...
2024-08-29 10:50:00,376 INFO [main] a.m.a.z.m.SquadToScaleMigrator [SquadToScaleMigrator.java:235] Fetching latest squad test step for issue TestCaseMapKey[testCaseId=10031, testCaseKey=MIGB-12]...
2024-08-29 10:50:00,439 INFO [main] a.m.a.z.m.SquadToScaleMigrator [SquadToScaleMigrator.java:253] Updating steps for test case MIGB-T8916...
2024-08-29 10:50:00,544 INFO [main] a.m.a.z.m.SquadToScaleMigrator [SquadToScaleMigrator.java:273] Fetching latest squad execution for issue TestCaseMapKey[testCaseId=10031, testCaseKey=MIGB-12]...
2024-08-29 10:50:00,610 INFO [main] a.m.a.z.m.SquadToScaleMigrator [SquadToScaleMigrator.java:299] Creating test executions for test cycle MIGB-C3769...
2024-08-29 10:50:00,709 INFO [main] a.m.a.z.m.SquadToScaleMigrator [SquadToScaleMigrator.java:235] Fetching latest squad test step for issue TestCaseMapKey[testCaseId=10032, testCaseKey=MIGB-13]...
2024-08-29 10:50:00,768 INFO [main] a.m.a.z.m.SquadToScaleMigrator [SquadToScaleMigrator.java:253] Updating steps for test case MIGB-T8917...
2024-08-29 10:50:00,865 INFO [main] a.m.a.z.m.SquadToScaleMigrator [SquadToScaleMigrator.java:273] Fetching latest squad execution for issue TestCaseMapKey[testCaseId=10032, testCaseKey=MIGB-13]...
2024-08-29 10:50:00,919 INFO [main] a.m.a.z.m.SquadToScaleMigrator [SquadToScaleMigrator.java:299] Creating test executions for test cycle MIGB-C3769...
2024-08-29 10:50:01,012 INFO [main] a.m.a.z.m.SquadToScaleMigrator [SquadToScaleMigrator.java:235] Fetching latest squad test step for issue TestCaseMapKey[testCaseId=10033, testCaseKey=MIGB-14]...
2024-08-29 10:50:01,066 INFO [main] a.m.a.z.m.SquadToScaleMigrator [SquadToScaleMigrator.java:253] Updating steps for test case MIGB-T8918...
2024-08-29 10:50:01,157 INFO [main] a.m.a.z.m.SquadToScaleMigrator [SquadToScaleMigrator.java:273] Fetching latest squad execution for issue TestCaseMapKey[testCaseId=10033, testCaseKey=MIGB-14]...
2024-08-29 10:50:01,211 INFO [main] a.m.a.z.m.SquadToScaleMigrator [SquadToScaleMigrator.java:299] Creating test executions for test cycle MIGB-C3769...
2024-08-29 10:50:01,309 INFO [main] a.m.a.z.m.SquadToScaleMigrator [SquadToScaleMigrator.java:235] Fetching latest squad test step for issue TestCaseMapKey[testCaseId=10034, testCaseKey=MIGB-15]...
2024-08-29 10:50:01,362 INFO [main] a.m.a.z.m.SquadToScaleMigrator [SquadToScaleMigrator.java:253] Updating steps for test case MIGB-T8919...
2024-08-29 10:50:01,461 INFO [main] a.m.a.z.m.SquadToScaleMigrator [SquadToScaleMigrator.java:273] Fetching latest squad execution for issue TestCaseMapKey[testCaseId=10034, testCaseKey=MIGB-15]...
2024-08-29 10:50:01,529 INFO [main] a.m.a.z.m.SquadToScaleMigrator [SquadToScaleMigrator.java:299] Creating test executions for test cycle MIGB-C3769...
2024-08-29 10:50:01,631 INFO [main] a.m.a.z.m.SquadToScaleMigrator [SquadToScaleMigrator.java:235] Fetching latest squad test step for issue TestCaseMapKey[testCaseId=10035, testCaseKey=MIGB-16]...
2024-08-29 10:50:01,690 INFO [main] a.m.a.z.m.SquadToScaleMigrator [SquadToScaleMigrator.java:253] Updating steps for test case MIGB-T8920...
2024-08-29 10:50:01,830 INFO [main] a.m.a.z.m.SquadToScaleMigrator [SquadToScaleMigrator.java:273] Fetching latest squad execution for issue TestCaseMapKey[testCaseId=10035, testCaseKey=MIGB-16]...
2024-08-29 10:50:01,893 INFO [main] a.m.a.z.m.SquadToScaleMigrator [SquadToScaleMigrator.java:299] Creating test executions for test cycle MIGB-C3769...
2024-08-29 10:50:01,993 INFO [main] a.m.a.z.m.SquadToScaleMigrator [SquadToScaleMigrator.java:235] Fetching latest squad test step for issue TestCaseMapKey[testCaseId=10036, testCaseKey=MIGB-17]...
2024-08-29 10:50:02,047 INFO [main] a.m.a.z.m.SquadToScaleMigrator [SquadToScaleMigrator.java:253] Updating steps for test case MIGB-T8921...
2024-08-29 10:50:02,148 INFO [main] a.m.a.z.m.SquadToScaleMigrator [SquadToScaleMigrator.java:273] Fetching latest squad execution for issue TestCaseMapKey[testCaseId=10036, testCaseKey=MIGB-17]...
2024-08-29 10:50:02,205 INFO [main] a.m.a.z.m.SquadToScaleMigrator [SquadToScaleMigrator.java:299] Creating test executions for test cycle MIGB-C3769...
2024-08-29 10:50:02,308 INFO [main] a.m.a.z.m.SquadToScaleMigrator [SquadToScaleMigrator.java:235] Fetching latest squad test step for issue TestCaseMapKey[testCaseId=10037, testCaseKey=MIGB-18]...
2024-08-29 10:50:02,359 INFO [main] a.m.a.z.m.SquadToScaleMigrator [SquadToScaleMigrator.java:253] Updating steps for test case MIGB-T8922...
2024-08-29 10:50:02,454 INFO [main] a.m.a.z.m.SquadToScaleMigrator [SquadToScaleMigrator.java:273] Fetching latest squad execution for issue TestCaseMapKey[testCaseId=10037, testCaseKey=MIGB-18]...
2024-08-29 10:50:02,512 INFO [main] a.m.a.z.m.SquadToScaleMigrator [SquadToScaleMigrator.java:299] Creating test executions for test cycle MIGB-C3769...
2024-08-29 10:50:02,610 INFO [main] a.m.a.z.m.SquadToScaleMigrator [SquadToScaleMigrator.java:235] Fetching latest squad test step for issue TestCaseMapKey[testCaseId=10038, testCaseKey=MIGB-19]...
2024-08-29 10:50:02,659 INFO [main] a.m.a.z.m.SquadToScaleMigrator [SquadToScaleMigrator.java:253] Updating steps for test case MIGB-T8923...
2024-08-29 10:50:02,756 INFO [main] a.m.a.z.m.SquadToScaleMigrator [SquadToScaleMigrator.java:273] Fetching latest squad execution for issue TestCaseMapKey[testCaseId=10038, testCaseKey=MIGB-19]...
2024-08-29 10:50:02,821 INFO [main] a.m.a.z.m.SquadToScaleMigrator [SquadToScaleMigrator.java:299] Creating test executions for test cycle MIGB-C3769...
2024-08-29 10:50:02,911 INFO [main] a.m.a.z.m.SquadToScaleMigrator [SquadToScaleMigrator.java:235] Fetching latest squad test step for issue TestCaseMapKey[testCaseId=10039, testCaseKey=MIGB-20]...
2024-08-29 10:50:02,966 INFO [main] a.m.a.z.m.SquadToScaleMigrator [SquadToScaleMigrator.java:253] Updating steps for test case MIGB-T8924...
2024-08-29 10:50:03,064 INFO [main] a.m.a.z.m.SquadToScaleMigrator [SquadToScaleMigrator.java:273] Fetching latest squad execution for issue TestCaseMapKey[testCaseId=10039, testCaseKey=MIGB-20]...
2024-08-29 10:50:03,122 INFO [main] a.m.a.z.m.SquadToScaleMigrator [SquadToScaleMigrator.java:299] Creating test executions for test cycle MIGB-C3769...
2024-08-29 10:50:03,216 INFO [main] a.m.a.z.m.SquadToScaleMigrator [SquadToScaleMigrator.java:235] Fetching latest squad test step for issue TestCaseMapKey[testCaseId=10040, testCaseKey=MIGB-21]...
2024-08-29 10:50:03,266 INFO [main] a.m.a.z.m.SquadToScaleMigrator [SquadToScaleMigrator.java:253] Updating steps for test case MIGB-T8925...
2024-08-29 10:50:03,357 INFO [main] a.m.a.z.m.SquadToScaleMigrator [SquadToScaleMigrator.java:273] Fetching latest squad execution for issue TestCaseMapKey[testCaseId=10040, testCaseKey=MIGB-21]...
2024-08-29 10:50:03,414 INFO [main] a.m.a.z.m.SquadToScaleMigrator [SquadToScaleMigrator.java:299] Creating test executions for test cycle MIGB-C3769...
2024-08-29 10:50:03,503 INFO [main] a.m.a.z.m.SquadToScaleMigrator [SquadToScaleMigrator.java:235] Fetching latest squad test step for issue TestCaseMapKey[testCaseId=10041, testCaseKey=MIGB-22]...
2024-08-29 10:50:03,558 INFO [main] a.m.a.z.m.SquadToScaleMigrator [SquadToScaleMigrator.java:253] Updating steps for test case MIGB-T8926...
2024-08-29 10:50:03,669 INFO [main] a.m.a.z.m.SquadToScaleMigrator [SquadToScaleMigrator.java:273] Fetching latest squad execution for issue TestCaseMapKey[testCaseId=10041, testCaseKey=MIGB-22]...
2024-08-29 10:50:03,729 INFO [main] a.m.a.z.m.SquadToScaleMigrator [SquadToScaleMigrator.java:299] Creating test executions for test cycle MIGB-C3769...
2024-08-29 10:50:03,824 INFO [main] a.m.a.z.m.SquadToScaleMigrator [SquadToScaleMigrator.java:235] Fetching latest squad test step for issue TestCaseMapKey[testCaseId=10042, testCaseKey=MIGB-23]...
2024-08-29 10:50:03,884 INFO [main] a.m.a.z.m.SquadToScaleMigrator [SquadToScaleMigrator.java:253] Updating steps for test case MIGB-T8927...
2024-08-29 10:50:04,011 INFO [main] a.m.a.z.m.SquadToScaleMigrator [SquadToScaleMigrator.java:273] Fetching latest squad execution for issue TestCaseMapKey[testCaseId=10042, testCaseKey=MIGB-23]...
2024-08-29 10:50:04,066 INFO [main] a.m.a.z.m.SquadToScaleMigrator [SquadToScaleMigrator.java:299] Creating test executions for test cycle MIGB-C3769...
2024-08-29 10:50:04,164 INFO [main] a.m.a.z.m.SquadToScaleMigrator [SquadToScaleMigrator.java:235] Fetching latest squad test step for issue TestCaseMapKey[testCaseId=10043, testCaseKey=MIGB-24]...
2024-08-29 10:50:04,227 INFO [main] a.m.a.z.m.SquadToScaleMigrator [SquadToScaleMigrator.java:253] Updating steps for test case MIGB-T8928...
2024-08-29 10:50:04,320 INFO [main] a.m.a.z.m.SquadToScaleMigrator [SquadToScaleMigrator.java:273] Fetching latest squad execution for issue TestCaseMapKey[testCaseId=10043, testCaseKey=MIGB-24]...
2024-08-29 10:50:04,380 INFO [main] a.m.a.z.m.SquadToScaleMigrator [SquadToScaleMigrator.java:299] Creating test executions for test cycle MIGB-C3769...
2024-08-29 10:50:04,569 INFO [main] a.m.a.z.m.SquadToScaleMigrator [SquadToScaleMigrator.java:235] Fetching latest squad test step for issue TestCaseMapKey[testCaseId=10044, testCaseKey=MIGB-25]...
2024-08-29 10:50:04,803 INFO [main] a.m.a.z.m.SquadToScaleMigrator [SquadToScaleMigrator.java:253] Updating steps for test case MIGB-T8929...
2024-08-29 10:50:04,962 INFO [main] a.m.a.z.m.SquadToScaleMigrator [SquadToScaleMigrator.java:273] Fetching latest squad execution for issue TestCaseMapKey[testCaseId=10044, testCaseKey=MIGB-25]...
2024-08-29 10:50:05,139 INFO [main] a.m.a.z.m.SquadToScaleMigrator [SquadToScaleMigrator.java:299] Creating test executions for test cycle MIGB-C3769...
2024-08-29 10:50:05,304 INFO [main] a.m.a.z.m.SquadToScaleMigrator [SquadToScaleMigrator.java:235] Fetching latest squad test step for issue TestCaseMapKey[testCaseId=10045, testCaseKey=MIGB-26]...
2024-08-29 10:50:05,480 INFO [main] a.m.a.z.m.SquadToScaleMigrator [SquadToScaleMigrator.java:253] Updating steps for test case MIGB-T8930...
2024-08-29 10:50:05,658 INFO [main] a.m.a.z.m.SquadToScaleMigrator [SquadToScaleMigrator.java:273] Fetching latest squad execution for issue TestCaseMapKey[testCaseId=10045, testCaseKey=MIGB-26]...
2024-08-29 10:50:05,832 INFO [main] a.m.a.z.m.SquadToScaleMigrator [SquadToScaleMigrator.java:299] Creating test executions for test cycle MIGB-C3769...
2024-08-29 10:50:06,009 INFO [main] a.m.a.z.m.SquadToScaleMigrator [SquadToScaleMigrator.java:235] Fetching latest squad test step for issue TestCaseMapKey[testCaseId=10046, testCaseKey=MIGB-27]...
2024-08-29 10:50:06,191 INFO [main] a.m.a.z.m.SquadToScaleMigrator [SquadToScaleMigrator.java:253] Updating steps for test case MIGB-T8931...
2024-08-29 10:50:06,363 INFO [main] a.m.a.z.m.SquadToScaleMigrator [SquadToScaleMigrator.java:273] Fetching latest squad execution for issue TestCaseMapKey[testCaseId=10046, testCaseKey=MIGB-27]...
2024-08-29 10:50:06,545 INFO [main] a.m.a.z.m.SquadToScaleMigrator [SquadToScaleMigrator.java:299] Creating test executions for test cycle MIGB-C3769...
2024-08-29 10:50:06,661 INFO [main] a.m.a.z.m.SquadToScaleMigrator [SquadToScaleMigrator.java:235] Fetching latest squad test step for issue TestCaseMapKey[testCaseId=10047, testCaseKey=MIGB-28]...
2024-08-29 10:50:06,789 INFO [main] a.m.a.z.m.SquadToScaleMigrator [SquadToScaleMigrator.java:253] Updating steps for test case MIGB-T8932...
2024-08-29 10:50:07,107 INFO [main] a.m.a.z.m.SquadToScaleMigrator [SquadToScaleMigrator.java:273] Fetching latest squad execution for issue TestCaseMapKey[testCaseId=10047, testCaseKey=MIGB-28]...
2024-08-29 10:50:07,281 INFO [main] a.m.a.z.m.SquadToScaleMigrator [SquadToScaleMigrator.java:299] Creating test executions for test cycle MIGB-C3769...
2024-08-29 10:50:07,463 INFO [main] a.m.a.z.m.SquadToScaleMigrator [SquadToScaleMigrator.java:235] Fetching latest squad test step for issue TestCaseMapKey[testCaseId=10048, testCaseKey=MIGB-29]...
2024-08-29 10:50:07,673 INFO [main] a.m.a.z.m.SquadToScaleMigrator [SquadToScaleMigrator.java:253] Updating steps for test case MIGB-T8933...
2024-08-29 10:50:07,789 INFO [main] a.m.a.z.m.SquadToScaleMigrator [SquadToScaleMigrator.java:273] Fetching latest squad execution for issue TestCaseMapKey[testCaseId=10048, testCaseKey=MIGB-29]...
2024-08-29 10:50:07,916 INFO [main] a.m.a.z.m.SquadToScaleMigrator [SquadToScaleMigrator.java:299] Creating test executions for test cycle MIGB-C3769...
2024-08-29 10:50:08,044 INFO [main] a.m.a.z.m.SquadToScaleMigrator [SquadToScaleMigrator.java:235] Fetching latest squad test step for issue TestCaseMapKey[testCaseId=10049, testCaseKey=MIGB-30]...
2024-08-29 10:50:08,157 INFO [main] a.m.a.z.m.SquadToScaleMigrator [SquadToScaleMigrator.java:253] Updating steps for test case MIGB-T8934...
2024-08-29 10:50:08,285 INFO [main] a.m.a.z.m.SquadToScaleMigrator [SquadToScaleMigrator.java:273] Fetching latest squad execution for issue TestCaseMapKey[testCaseId=10049, testCaseKey=MIGB-30]...
2024-08-29 10:50:08,378 INFO [main] a.m.a.z.m.SquadToScaleMigrator [SquadToScaleMigrator.java:299] Creating test executions for test cycle MIGB-C3769...
2024-08-29 10:50:08,477 INFO [main] a.m.a.z.m.SquadToScaleMigrator [SquadToScaleMigrator.java:235] Fetching latest squad test step for issue TestCaseMapKey[testCaseId=10050, testCaseKey=MIGB-31]...
2024-08-29 10:50:08,542 INFO [main] a.m.a.z.m.SquadToScaleMigrator [SquadToScaleMigrator.java:253] Updating steps for test case MIGB-T8935...
2024-08-29 10:50:08,645 INFO [main] a.m.a.z.m.SquadToScaleMigrator [SquadToScaleMigrator.java:273] Fetching latest squad execution for issue TestCaseMapKey[testCaseId=10050, testCaseKey=MIGB-31]...
2024-08-29 10:50:08,701 INFO [main] a.m.a.z.m.SquadToScaleMigrator [SquadToScaleMigrator.java:299] Creating test executions for test cycle MIGB-C3769...
2024-08-29 10:50:08,794 INFO [main] a.m.a.z.m.SquadToScaleMigrator [SquadToScaleMigrator.java:235] Fetching latest squad test step for issue TestCaseMapKey[testCaseId=10051, testCaseKey=MIGB-32]...
2024-08-29 10:50:08,862 INFO [main] a.m.a.z.m.SquadToScaleMigrator [SquadToScaleMigrator.java:253] Updating steps for test case MIGB-T8936...
2024-08-29 10:50:08,965 INFO [main] a.m.a.z.m.SquadToScaleMigrator [SquadToScaleMigrator.java:273] Fetching latest squad execution for issue TestCaseMapKey[testCaseId=10051, testCaseKey=MIGB-32]...
2024-08-29 10:50:09,021 INFO [main] a.m.a.z.m.SquadToScaleMigrator [SquadToScaleMigrator.java:299] Creating test executions for test cycle MIGB-C3769...
2024-08-29 10:50:09,112 INFO [main] a.m.a.z.m.SquadToScaleMigrator [SquadToScaleMigrator.java:235] Fetching latest squad test step for issue TestCaseMapKey[testCaseId=10052, testCaseKey=MIGB-33]...
2024-08-29 10:50:09,163 INFO [main] a.m.a.z.m.SquadToScaleMigrator [SquadToScaleMigrator.java:253] Updating steps for test case MIGB-T8937...
2024-08-29 10:50:09,280 INFO [main] a.m.a.z.m.SquadToScaleMigrator [SquadToScaleMigrator.java:273] Fetching latest squad execution for issue TestCaseMapKey[testCaseId=10052, testCaseKey=MIGB-33]...
2024-08-29 10:50:09,336 INFO [main] a.m.a.z.m.SquadToScaleMigrator [SquadToScaleMigrator.java:299] Creating test executions for test cycle MIGB-C3769...
2024-08-29 10:50:09,428 INFO [main] a.m.a.z.m.SquadToScaleMigrator [SquadToScaleMigrator.java:235] Fetching latest squad test step for issue TestCaseMapKey[testCaseId=10053, testCaseKey=MIGB-34]...
2024-08-29 10:50:09,480 INFO [main] a.m.a.z.m.SquadToScaleMigrator [SquadToScaleMigrator.java:253] Updating steps for test case MIGB-T8938...
2024-08-29 10:50:09,574 INFO [main] a.m.a.z.m.SquadToScaleMigrator [SquadToScaleMigrator.java:273] Fetching latest squad execution for issue TestCaseMapKey[testCaseId=10053, testCaseKey=MIGB-34]...
2024-08-29 10:50:09,631 INFO [main] a.m.a.z.m.SquadToScaleMigrator [SquadToScaleMigrator.java:299] Creating test executions for test cycle MIGB-C3769...
2024-08-29 10:50:09,739 INFO [main] a.m.a.z.m.SquadToScaleMigrator [SquadToScaleMigrator.java:235] Fetching latest squad test step for issue TestCaseMapKey[testCaseId=10054, testCaseKey=MIGB-35]...
2024-08-29 10:50:09,793 INFO [main] a.m.a.z.m.SquadToScaleMigrator [SquadToScaleMigrator.java:253] Updating steps for test case MIGB-T8939...
2024-08-29 10:50:09,889 INFO [main] a.m.a.z.m.SquadToScaleMigrator [SquadToScaleMigrator.java:273] Fetching latest squad execution for issue TestCaseMapKey[testCaseId=10054, testCaseKey=MIGB-35]...
2024-08-29 10:50:09,951 INFO [main] a.m.a.z.m.SquadToScaleMigrator [SquadToScaleMigrator.java:299] Creating test executions for test cycle MIGB-C3769...
2024-08-29 10:50:10,042 INFO [main] a.m.a.z.m.SquadToScaleMigrator [SquadToScaleMigrator.java:235] Fetching latest squad test step for issue TestCaseMapKey[testCaseId=10055, testCaseKey=MIGB-36]...
2024-08-29 10:50:10,094 INFO [main] a.m.a.z.m.SquadToScaleMigrator [SquadToScaleMigrator.java:253] Updating steps for test case MIGB-T8940...
2024-08-29 10:50:10,190 INFO [main] a.m.a.z.m.SquadToScaleMigrator [SquadToScaleMigrator.java:273] Fetching latest squad execution for issue TestCaseMapKey[testCaseId=10055, testCaseKey=MIGB-36]...
2024-08-29 10:50:10,244 INFO [main] a.m.a.z.m.SquadToScaleMigrator [SquadToScaleMigrator.java:299] Creating test executions for test cycle MIGB-C3769...
2024-08-29 10:50:10,332 INFO [main] a.m.a.z.m.SquadToScaleMigrator [SquadToScaleMigrator.java:235] Fetching latest squad test step for issue TestCaseMapKey[testCaseId=10056, testCaseKey=MIGB-37]...
2024-08-29 10:50:10,385 INFO [main] a.m.a.z.m.SquadToScaleMigrator [SquadToScaleMigrator.java:253] Updating steps for test case MIGB-T8941...
2024-08-29 10:50:10,478 INFO [main] a.m.a.z.m.SquadToScaleMigrator [SquadToScaleMigrator.java:273] Fetching latest squad execution for issue TestCaseMapKey[testCaseId=10056, testCaseKey=MIGB-37]...
2024-08-29 10:50:10,541 INFO [main] a.m.a.z.m.SquadToScaleMigrator [SquadToScaleMigrator.java:299] Creating test executions for test cycle MIGB-C3769...
2024-08-29 10:50:10,638 INFO [main] a.m.a.z.m.SquadToScaleMigrator [SquadToScaleMigrator.java:235] Fetching latest squad test step for issue TestCaseMapKey[testCaseId=10057, testCaseKey=MIGB-38]...
2024-08-29 10:50:10,691 INFO [main] a.m.a.z.m.SquadToScaleMigrator [SquadToScaleMigrator.java:253] Updating steps for test case MIGB-T8942...
2024-08-29 10:50:10,797 INFO [main] a.m.a.z.m.SquadToScaleMigrator [SquadToScaleMigrator.java:273] Fetching latest squad execution for issue TestCaseMapKey[testCaseId=10057, testCaseKey=MIGB-38]...
2024-08-29 10:50:10,850 INFO [main] a.m.a.z.m.SquadToScaleMigrator [SquadToScaleMigrator.java:299] Creating test executions for test cycle MIGB-C3769...
2024-08-29 10:50:10,940 INFO [main] a.m.a.z.m.SquadToScaleMigrator [SquadToScaleMigrator.java:235] Fetching latest squad test step for issue TestCaseMapKey[testCaseId=10058, testCaseKey=MIGB-39]...
2024-08-29 10:50:10,991 INFO [main] a.m.a.z.m.SquadToScaleMigrator [SquadToScaleMigrator.java:253] Updating steps for test case MIGB-T8943...
2024-08-29 10:50:11,091 INFO [main] a.m.a.z.m.SquadToScaleMigrator [SquadToScaleMigrator.java:273] Fetching latest squad execution for issue TestCaseMapKey[testCaseId=10058, testCaseKey=MIGB-39]...
2024-08-29 10:50:11,151 INFO [main] a.m.a.z.m.SquadToScaleMigrator [SquadToScaleMigrator.java:299] Creating test executions for test cycle MIGB-C3769...
2024-08-29 10:50:11,238 INFO [main] a.m.a.z.m.SquadToScaleMigrator [SquadToScaleMigrator.java:235] Fetching latest squad test step for issue TestCaseMapKey[testCaseId=10059, testCaseKey=MIGB-40]...
2024-08-29 10:50:11,294 INFO [main] a.m.a.z.m.SquadToScaleMigrator [SquadToScaleMigrator.java:253] Updating steps for test case MIGB-T8944...
2024-08-29 10:50:11,390 INFO [main] a.m.a.z.m.SquadToScaleMigrator [SquadToScaleMigrator.java:273] Fetching latest squad execution for issue TestCaseMapKey[testCaseId=10059, testCaseKey=MIGB-40]...
2024-08-29 10:50:11,444 INFO [main] a.m.a.z.m.SquadToScaleMigrator [SquadToScaleMigrator.java:299] Creating test executions for test cycle MIGB-C3769...
2024-08-29 10:50:11,534 INFO [main] a.m.a.z.m.SquadToScaleMigrator [SquadToScaleMigrator.java:235] Fetching latest squad test step for issue TestCaseMapKey[testCaseId=10060, testCaseKey=MIGB-41]...
2024-08-29 10:50:11,597 INFO [main] a.m.a.z.m.SquadToScaleMigrator [SquadToScaleMigrator.java:253] Updating steps for test case MIGB-T8945...
2024-08-29 10:50:11,691 INFO [main] a.m.a.z.m.SquadToScaleMigrator [SquadToScaleMigrator.java:273] Fetching latest squad execution for issue TestCaseMapKey[testCaseId=10060, testCaseKey=MIGB-41]...
2024-08-29 10:50:11,744 INFO [main] a.m.a.z.m.SquadToScaleMigrator [SquadToScaleMigrator.java:299] Creating test executions for test cycle MIGB-C3769...
2024-08-29 10:50:11,832 INFO [main] a.m.a.z.m.SquadToScaleMigrator [SquadToScaleMigrator.java:235] Fetching latest squad test step for issue TestCaseMapKey[testCaseId=10061, testCaseKey=MIGB-42]...
2024-08-29 10:50:11,881 INFO [main] a.m.a.z.m.SquadToScaleMigrator [SquadToScaleMigrator.java:253] Updating steps for test case MIGB-T8946...
2024-08-29 10:50:11,974 INFO [main] a.m.a.z.m.SquadToScaleMigrator [SquadToScaleMigrator.java:273] Fetching latest squad execution for issue TestCaseMapKey[testCaseId=10061, testCaseKey=MIGB-42]...
2024-08-29 10:50:12,029 INFO [main] a.m.a.z.m.SquadToScaleMigrator [SquadToScaleMigrator.java:299] Creating test executions for test cycle MIGB-C3769...
2024-08-29 10:50:12,123 INFO [main] a.m.a.z.m.SquadToScaleMigrator [SquadToScaleMigrator.java:235] Fetching latest squad test step for issue TestCaseMapKey[testCaseId=10070, testCaseKey=MIGB-49]...
2024-08-29 10:50:12,178 INFO [main] a.m.a.z.m.SquadToScaleMigrator [SquadToScaleMigrator.java:253] Updating steps for test case MIGB-T8947...
2024-08-29 10:50:12,264 INFO [main] a.m.a.z.m.SquadToScaleMigrator [SquadToScaleMigrator.java:273] Fetching latest squad execution for issue TestCaseMapKey[testCaseId=10070, testCaseKey=MIGB-49]...
2024-08-29 10:50:12,332 INFO [main] a.m.a.z.m.SquadToScaleMigrator [SquadToScaleMigrator.java:299] Creating test executions for test cycle MIGB-C3769...
2024-08-29 10:50:12,426 INFO [main] a.m.a.z.m.SquadToScaleMigrator [SquadToScaleMigrator.java:299] Creating test executions for test cycle MIGB-C3769...
2024-08-29 10:50:12,524 INFO [main] a.m.a.z.m.SquadToScaleMigrator [SquadToScaleMigrator.java:299] Creating test executions for test cycle MIGB-C3769...
2024-08-29 10:50:12,619 INFO [main] a.m.a.z.m.SquadToScaleMigrator [SquadToScaleMigrator.java:299] Creating test executions for test cycle MIGB-C3769...
2024-08-29 10:50:12,713 INFO [main] a.m.a.z.m.SquadToScaleMigrator [SquadToScaleMigrator.java:235] Fetching latest squad test step for issue TestCaseMapKey[testCaseId=11697, testCaseKey=MIGB-68]...
2024-08-29 10:50:12,760 INFO [main] a.m.a.z.m.SquadToScaleMigrator [SquadToScaleMigrator.java:273] Fetching latest squad execution for issue TestCaseMapKey[testCaseId=11697, testCaseKey=MIGB-68]...
2024-08-29 10:50:12,823 INFO [main] a.m.a.z.m.SquadToScaleMigrator [SquadToScaleMigrator.java:299] Creating test executions for test cycle MIGB-C3769...
2024-08-29 10:50:12,910 INFO [main] a.m.a.z.m.SquadToScaleMigrator [SquadToScaleMigrator.java:299] Creating test executions for test cycle MIGB-C3769...
2024-08-29 10:50:13,071 INFO [main] a.m.a.z.m.SquadToScaleMigrator [SquadToScaleMigrator.java:299] Creating test executions for test cycle MIGB-C3768...
2024-08-29 10:50:13,157 INFO [main] a.m.a.z.m.SquadToScaleMigrator [SquadToScaleMigrator.java:235] Fetching latest squad test step for issue TestCaseMapKey[testCaseId=11815, testCaseKey=MIGB-69]...
2024-08-29 10:50:13,210 INFO [main] a.m.a.z.m.SquadToScaleMigrator [SquadToScaleMigrator.java:253] Updating steps for test case MIGB-T8949...
2024-08-29 10:50:13,290 INFO [main] a.m.a.z.m.SquadToScaleMigrator [SquadToScaleMigrator.java:273] Fetching latest squad execution for issue TestCaseMapKey[testCaseId=11815, testCaseKey=MIGB-69]...
2024-08-29 10:50:13,359 INFO [main] a.m.a.z.m.SquadToScaleMigrator [SquadToScaleMigrator.java:299] Creating test executions for test cycle MIGB-C3769...
2024-08-29 10:50:13,448 INFO [main] a.m.a.z.m.SquadToScaleMigrator [SquadToScaleMigrator.java:299] Creating test executions for test cycle MIGB-C3769...
2024-08-29 10:50:13,552 INFO [main] a.m.a.z.m.SquadToScaleMigrator [SquadToScaleMigrator.java:235] Fetching latest squad test step for issue TestCaseMapKey[testCaseId=11903, testCaseKey=MIGB-70]...
2024-08-29 10:50:13,604 INFO [main] a.m.a.z.m.SquadToScaleMigrator [SquadToScaleMigrator.java:253] Updating steps for test case MIGB-T8950...
2024-08-29 10:50:13,674 INFO [main] a.m.a.z.m.SquadToScaleMigrator [SquadToScaleMigrator.java:273] Fetching latest squad execution for issue TestCaseMapKey[testCaseId=11903, testCaseKey=MIGB-70]...
2024-08-29 10:50:13,747 INFO [main] a.m.a.z.m.SquadToScaleMigrator [SquadToScaleMigrator.java:299] Creating test executions for test cycle MIGB-C3769...
2024-08-29 10:50:13,833 INFO [main] a.m.a.z.m.SquadToScaleMigrator [SquadToScaleMigrator.java:299] Creating test executions for test cycle MIGB-C3769...
2024-08-29 10:50:13,928 INFO [main] a.m.a.z.m.SquadToScaleMigrator [SquadToScaleMigrator.java:299] Creating test executions for test cycle MIGB-C3769...
2024-08-29 10:50:14,033 INFO [main] a.m.a.z.m.SquadToScaleMigrator [SquadToScaleMigrator.java:299] Creating test executions for test cycle MIGB-C3769...
2024-08-29 10:50:14,121 INFO [main] a.m.a.z.m.SquadToScaleMigrator [SquadToScaleMigrator.java:299] Creating test executions for test cycle MIGB-C3769...
2024-08-29 10:50:14,211 INFO [main] a.m.a.z.m.SquadToScaleMigrator [SquadToScaleMigrator.java:222] Updated steps and created test executions for 46 issues.
2024-08-29 10:50:14,319 INFO [main] a.m.a.z.m.AttachmentsMigrator [AttachmentsMigrator.java:103] Starting to process Test Cases attachments asynchronously
2024-08-29 10:50:14,322 INFO [main] a.m.a.z.m.AttachmentsMigrator [AttachmentsMigrator.java:118] Starting to process Test Steps attachments asynchronously
2024-08-29 10:50:14,323 INFO [main] a.m.a.z.m.AttachmentsMigrator [AttachmentsMigrator.java:133] Starting to process Test Executions attachments asynchronously
2024-08-29 10:50:14,324 INFO [main] a.m.a.z.m.AttachmentsMigrator [AttachmentsMigrator.java:90] Copying attachments to Scale directory
2024-08-29 10:50:14,324 INFO [ForkJoinPool.commonPool-worker-3] a.m.a.z.m.AttachmentsMigrator [AttachmentsMigrator.java:246] Execution attachment progress for project 10024:   0% [>                              ] 0/62 (Elapsed Time: 00:00:00)
2024-08-29 10:50:14,324 INFO [ForkJoinPool.commonPool-worker-2] a.m.a.z.m.AttachmentsMigrator [AttachmentsMigrator.java:204] Step attachment progress for project 10024:   0% [>                              ] 0/44 (Elapsed Time: 00:00:00)
2024-08-29 10:50:14,333 INFO [ForkJoinPool.commonPool-worker-1] a.m.a.z.m.AttachmentsMigrator [AttachmentsMigrator.java:158] Test case attachment progress for project 10024:   0% [>                              ] 0/46 (Elapsed Time: 00:00:00)
2024-08-29 10:50:14,334 DEBUG [ForkJoinPool.commonPool-worker-1] o.s.j.c.JdbcTemplate [JdbcTemplate.java:453] Executing SQL query [SELECT "ID", "KEY" FROM "AO_4D28DD_TEST_CASE" WHERE "KEY" = 'MIGB-T8914']
2024-08-29 10:50:14,336 DEBUG [ForkJoinPool.commonPool-worker-1] o.s.j.d.DataSourceUtils [DataSourceUtils.java:117] Fetching JDBC Connection from DataSource
2024-08-29 10:50:14,337 DEBUG [ForkJoinPool.commonPool-worker-1] o.s.j.d.DriverManagerDataSource [DriverManagerDataSource.java:144] Creating new JDBC DriverManager Connection to [jdbc:postgresql://localhost:5432/jira]
2024-08-29 10:50:16,634 INFO [ForkJoinPool.commonPool-worker-2] a.m.a.z.m.AttachmentsMigrator [AttachmentsMigrator.java:229] Test Steps attachments processing finished
2024-08-29 10:50:17,534 INFO [ForkJoinPool.commonPool-worker-3] a.m.a.z.m.AttachmentsMigrator [AttachmentsMigrator.java:265] Test Executions attachments processing finished
2024-08-29 10:50:17,534 ERROR [main] a.m.a.z.m.AttachmentsMigrator [AttachmentsMigrator.java:96] Failed to migrate attachments org.springframework.jdbc.CannotGetJdbcConnectionException: Failed to obtain JDBC Connection
java.util.concurrent.ExecutionException: org.springframework.jdbc.CannotGetJdbcConnectionException: Failed to obtain JDBC Connection
	at java.base/java.util.concurrent.CompletableFuture.reportGet(CompletableFuture.java:396)
	at java.base/java.util.concurrent.CompletableFuture.get(CompletableFuture.java:2073)
	at atlassian.migration.app.zephyr.migration.AttachmentsMigrator.export(AttachmentsMigrator.java:91)
	at atlassian.migration.app.zephyr.migration.SquadToScaleMigrator.processPage(SquadToScaleMigrator.java:122)
	at atlassian.migration.app.zephyr.migration.SquadToScaleMigrator.runMigration(SquadToScaleMigrator.java:93)
	at atlassian.migration.app.zephyr.ApplicationMain.main(ApplicationMain.java:39)
Caused by: org.springframework.jdbc.CannotGetJdbcConnectionException: Failed to obtain JDBC Connection
	at org.springframework.jdbc.datasource.DataSourceUtils.getConnection(DataSourceUtils.java:84)
	at org.springframework.jdbc.core.JdbcTemplate.execute(JdbcTemplate.java:388)
	at org.springframework.jdbc.core.JdbcTemplate.query(JdbcTemplate.java:476)
	at org.springframework.jdbc.core.JdbcTemplate.query(JdbcTemplate.java:486)
	at atlassian.migration.app.zephyr.scale.database.ScaleTestCaseRepository.getByKey(ScaleTestCaseRepository.java:27)
	at atlassian.migration.app.zephyr.migration.AttachmentsMigrator.processTestCases(AttachmentsMigrator.java:165)
	at atlassian.migration.app.zephyr.migration.AttachmentsMigrator.lambda$startTestCaseAsyncProcessing$2(AttachmentsMigrator.java:107)
	at java.base/java.util.concurrent.CompletableFuture$AsyncSupply.run(CompletableFuture.java:1768)
	at java.base/java.util.concurrent.CompletableFuture$AsyncSupply.exec(CompletableFuture.java:1760)
	at java.base/java.util.concurrent.ForkJoinTask.doExec(ForkJoinTask.java:373)
	at java.base/java.util.concurrent.ForkJoinPool$WorkQueue.topLevelExec(ForkJoinPool.java:1182)
	at java.base/java.util.concurrent.ForkJoinPool.scan(ForkJoinPool.java:1655)
	at java.base/java.util.concurrent.ForkJoinPool.runWorker(ForkJoinPool.java:1622)
	at java.base/java.util.concurrent.ForkJoinWorkerThread.run(ForkJoinWorkerThread.java:165)
Caused by: org.postgresql.util.PSQLException: FATAL: no PostgreSQL user name specified in startup packet
	at org.postgresql.core.v3.ConnectionFactoryImpl.doAuthentication(ConnectionFactoryImpl.java:698)
	at org.postgresql.core.v3.ConnectionFactoryImpl.tryConnect(ConnectionFactoryImpl.java:207)
	at org.postgresql.core.v3.ConnectionFactoryImpl.openConnectionImpl(ConnectionFactoryImpl.java:262)
	at org.postgresql.core.ConnectionFactory.openConnection(ConnectionFactory.java:54)
	at org.postgresql.jdbc.PgConnection.<init>(PgConnection.java:273)
	at org.postgresql.Driver.makeConnection(Driver.java:446)
	at org.postgresql.Driver.connect(Driver.java:298)
	at java.sql/java.sql.DriverManager.getConnection(DriverManager.java:681)
	at java.sql/java.sql.DriverManager.getConnection(DriverManager.java:190)
	at org.springframework.jdbc.datasource.DriverManagerDataSource.getConnectionFromDriverManager(DriverManagerDataSource.java:155)
	at org.springframework.jdbc.datasource.DriverManagerDataSource.getConnectionFromDriver(DriverManagerDataSource.java:146)
	at org.springframework.jdbc.datasource.AbstractDriverBasedDataSource.getConnectionFromDriver(AbstractDriverBasedDataSource.java:205)
	at org.springframework.jdbc.datasource.AbstractDriverBasedDataSource.getConnection(AbstractDriverBasedDataSource.java:169)
	at org.springframework.jdbc.datasource.DataSourceUtils.fetchConnection(DataSourceUtils.java:160)
	at org.springframework.jdbc.datasource.DataSourceUtils.doGetConnection(DataSourceUtils.java:118)
	at org.springframework.jdbc.datasource.DataSourceUtils.getConnection(DataSourceUtils.java:81)
	... 13 common frames omitted
	Suppressed: org.postgresql.util.PSQLException: FATAL: no PostgreSQL user name specified in startup packet
		at org.postgresql.core.v3.ConnectionFactoryImpl.doAuthentication(ConnectionFactoryImpl.java:698)
		at org.postgresql.core.v3.ConnectionFactoryImpl.tryConnect(ConnectionFactoryImpl.java:207)
		at org.postgresql.core.v3.ConnectionFactoryImpl.openConnectionImpl(ConnectionFactoryImpl.java:271)
		... 26 common frames omitted
2024-08-29 10:50:17,538 ERROR [main] a.m.a.z.m.SquadToScaleMigrator [SquadToScaleMigrator.java:101] Failed to run migration with project key: MIGB java.util.concurrent.ExecutionException: org.springframework.jdbc.CannotGetJdbcConnectionException: Failed to obtain JDBC Connection
java.lang.RuntimeException: java.util.concurrent.ExecutionException: org.springframework.jdbc.CannotGetJdbcConnectionException: Failed to obtain JDBC Connection
	at atlassian.migration.app.zephyr.migration.AttachmentsMigrator.export(AttachmentsMigrator.java:97)
	at atlassian.migration.app.zephyr.migration.SquadToScaleMigrator.processPage(SquadToScaleMigrator.java:122)
	at atlassian.migration.app.zephyr.migration.SquadToScaleMigrator.runMigration(SquadToScaleMigrator.java:93)
	at atlassian.migration.app.zephyr.ApplicationMain.main(ApplicationMain.java:39)
Caused by: java.util.concurrent.ExecutionException: org.springframework.jdbc.CannotGetJdbcConnectionException: Failed to obtain JDBC Connection
	at java.base/java.util.concurrent.CompletableFuture.reportGet(CompletableFuture.java:396)
	at java.base/java.util.concurrent.CompletableFuture.get(CompletableFuture.java:2073)
	at atlassian.migration.app.zephyr.migration.AttachmentsMigrator.export(AttachmentsMigrator.java:91)
	... 3 common frames omitted
Caused by: org.springframework.jdbc.CannotGetJdbcConnectionException: Failed to obtain JDBC Connection
	at org.springframework.jdbc.datasource.DataSourceUtils.getConnection(DataSourceUtils.java:84)
	at org.springframework.jdbc.core.JdbcTemplate.execute(JdbcTemplate.java:388)
	at org.springframework.jdbc.core.JdbcTemplate.query(JdbcTemplate.java:476)
	at org.springframework.jdbc.core.JdbcTemplate.query(JdbcTemplate.java:486)
	at atlassian.migration.app.zephyr.scale.database.ScaleTestCaseRepository.getByKey(ScaleTestCaseRepository.java:27)
	at atlassian.migration.app.zephyr.migration.AttachmentsMigrator.processTestCases(AttachmentsMigrator.java:165)
	at atlassian.migration.app.zephyr.migration.AttachmentsMigrator.lambda$startTestCaseAsyncProcessing$2(AttachmentsMigrator.java:107)
	at java.base/java.util.concurrent.CompletableFuture$AsyncSupply.run(CompletableFuture.java:1768)
	at java.base/java.util.concurrent.CompletableFuture$AsyncSupply.exec(CompletableFuture.java:1760)
	at java.base/java.util.concurrent.ForkJoinTask.doExec(ForkJoinTask.java:373)
	at java.base/java.util.concurrent.ForkJoinPool$WorkQueue.topLevelExec(ForkJoinPool.java:1182)
	at java.base/java.util.concurrent.ForkJoinPool.scan(ForkJoinPool.java:1655)
	at java.base/java.util.concurrent.ForkJoinPool.runWorker(ForkJoinPool.java:1622)
	at java.base/java.util.concurrent.ForkJoinWorkerThread.run(ForkJoinWorkerThread.java:165)
Caused by: org.postgresql.util.PSQLException: FATAL: no PostgreSQL user name specified in startup packet
	at org.postgresql.core.v3.ConnectionFactoryImpl.doAuthentication(ConnectionFactoryImpl.java:698)
	at org.postgresql.core.v3.ConnectionFactoryImpl.tryConnect(ConnectionFactoryImpl.java:207)
	at org.postgresql.core.v3.ConnectionFactoryImpl.openConnectionImpl(ConnectionFactoryImpl.java:262)
	at org.postgresql.core.ConnectionFactory.openConnection(ConnectionFactory.java:54)
	at org.postgresql.jdbc.PgConnection.<init>(PgConnection.java:273)
	at org.postgresql.Driver.makeConnection(Driver.java:446)
	at org.postgresql.Driver.connect(Driver.java:298)
	at java.sql/java.sql.DriverManager.getConnection(DriverManager.java:681)
	at java.sql/java.sql.DriverManager.getConnection(DriverManager.java:190)
	at org.springframework.jdbc.datasource.DriverManagerDataSource.getConnectionFromDriverManager(DriverManagerDataSource.java:155)
	at org.springframework.jdbc.datasource.DriverManagerDataSource.getConnectionFromDriver(DriverManagerDataSource.java:146)
	at org.springframework.jdbc.datasource.AbstractDriverBasedDataSource.getConnectionFromDriver(AbstractDriverBasedDataSource.java:205)
	at org.springframework.jdbc.datasource.AbstractDriverBasedDataSource.getConnection(AbstractDriverBasedDataSource.java:169)
	at org.springframework.jdbc.datasource.DataSourceUtils.fetchConnection(DataSourceUtils.java:160)
	at org.springframework.jdbc.datasource.DataSourceUtils.doGetConnection(DataSourceUtils.java:118)
	at org.springframework.jdbc.datasource.DataSourceUtils.getConnection(DataSourceUtils.java:81)
	... 13 common frames omitted
	Suppressed: org.postgresql.util.PSQLException: FATAL: no PostgreSQL user name specified in startup packet
		at org.postgresql.core.v3.ConnectionFactoryImpl.doAuthentication(ConnectionFactoryImpl.java:698)
		at org.postgresql.core.v3.ConnectionFactoryImpl.tryConnect(ConnectionFactoryImpl.java:207)
		at org.postgresql.core.v3.ConnectionFactoryImpl.openConnectionImpl(ConnectionFactoryImpl.java:271)
		... 26 common frames omitted
2024-08-29 10:50:17,539 ERROR [main] a.m.a.z.ApplicationMain [ApplicationMain.java:47] Failed to execute the migration: java.lang.RuntimeException: java.util.concurrent.ExecutionException: org.springframework.jdbc.CannotGetJdbcConnectionException: Failed to obtain JDBC Connection
